<?xml version="1.0" encoding="UTF-8"?>
<testsuite xmlns:xsi="http://www.w3.org/2001/XMLSchema-instance" xsi:noNamespaceSchemaLocation="https://maven.apache.org/surefire/maven-surefire-plugin/xsd/surefire-test-report-3.0.xsd" version="3.0" name="runner.TestRunner" time="135.95" tests="14" errors="0" skipped="0" failures="0">
  <properties>
    <property name="sun.desktop" value="windows"/>
    <property name="awt.toolkit" value="sun.awt.windows.WToolkit"/>
    <property name="java.specification.version" value="11"/>
    <property name="sun.cpu.isalist" value="amd64"/>
    <property name="sun.jnu.encoding" value="Cp1252"/>
    <property name="java.class.path" value="C:\Users\ArchitKG\eclipse-workspace\BddWorkspace\DemoBDDProject\target\test-classes;C:\Users\ArchitKG\eclipse-workspace\BddWorkspace\DemoBDDProject\target\classes;C:\Users\ArchitKG\.m2\repository\io\cucumber\cucumber-java\7.11.2\cucumber-java-7.11.2.jar;C:\Users\ArchitKG\.m2\repository\io\cucumber\cucumber-core\7.11.2\cucumber-core-7.11.2.jar;C:\Users\ArchitKG\.m2\repository\io\cucumber\cucumber-gherkin\7.11.2\cucumber-gherkin-7.11.2.jar;C:\Users\ArchitKG\.m2\repository\io\cucumber\cucumber-gherkin-messages\7.11.2\cucumber-gherkin-messages-7.11.2.jar;C:\Users\ArchitKG\.m2\repository\io\cucumber\gherkin\26.0.3\gherkin-26.0.3.jar;C:\Users\ArchitKG\.m2\repository\io\cucumber\messages\21.0.1\messages-21.0.1.jar;C:\Users\ArchitKG\.m2\repository\io\cucumber\tag-expressions\5.0.1\tag-expressions-5.0.1.jar;C:\Users\ArchitKG\.m2\repository\io\cucumber\cucumber-expressions\16.1.2\cucumber-expressions-16.1.2.jar;C:\Users\ArchitKG\.m2\repository\io\cucumber\datatable\7.11.2\datatable-7.11.2.jar;C:\Users\ArchitKG\.m2\repository\io\cucumber\cucumber-plugin\7.11.2\cucumber-plugin-7.11.2.jar;C:\Users\ArchitKG\.m2\repository\io\cucumber\docstring\7.11.2\docstring-7.11.2.jar;C:\Users\ArchitKG\.m2\repository\io\cucumber\html-formatter\20.2.1\html-formatter-20.2.1.jar;C:\Users\ArchitKG\.m2\repository\io\cucumber\junit-xml-formatter\0.1.0\junit-xml-formatter-0.1.0.jar;C:\Users\ArchitKG\.m2\repository\io\cucumber\ci-environment\9.1.0\ci-environment-9.1.0.jar;C:\Users\ArchitKG\.m2\repository\org\apiguardian\apiguardian-api\1.1.2\apiguardian-api-1.1.2.jar;C:\Users\ArchitKG\.m2\repository\io\cucumber\cucumber-html\0.2.7\cucumber-html-0.2.7.jar;C:\Users\ArchitKG\.m2\repository\io\cucumber\cucumber-testng\7.11.2\cucumber-testng-7.11.2.jar;C:\Users\ArchitKG\.m2\repository\io\github\bonigarcia\webdrivermanager\5.3.2\webdrivermanager-5.3.2.jar;C:\Users\ArchitKG\.m2\repository\org\slf4j\slf4j-api\2.0.6\slf4j-api-2.0.6.jar;C:\Users\ArchitKG\.m2\repository\com\google\code\gson\gson\2.10.1\gson-2.10.1.jar;C:\Users\ArchitKG\.m2\repository\com\github\docker-java\docker-java\3.2.14\docker-java-3.2.14.jar;C:\Users\ArchitKG\.m2\repository\com\github\docker-java\docker-java-core\3.2.14\docker-java-core-3.2.14.jar;C:\Users\ArchitKG\.m2\repository\com\github\docker-java\docker-java-api\3.2.14\docker-java-api-3.2.14.jar;C:\Users\ArchitKG\.m2\repository\com\fasterxml\jackson\core\jackson-annotations\2.10.3\jackson-annotations-2.10.3.jar;C:\Users\ArchitKG\.m2\repository\org\apache\commons\commons-compress\1.21\commons-compress-1.21.jar;C:\Users\ArchitKG\.m2\repository\com\fasterxml\jackson\core\jackson-databind\2.10.3\jackson-databind-2.10.3.jar;C:\Users\ArchitKG\.m2\repository\com\fasterxml\jackson\core\jackson-core\2.10.3\jackson-core-2.10.3.jar;C:\Users\ArchitKG\.m2\repository\org\bouncycastle\bcpkix-jdk15on\1.64\bcpkix-jdk15on-1.64.jar;C:\Users\ArchitKG\.m2\repository\org\bouncycastle\bcprov-jdk15on\1.64\bcprov-jdk15on-1.64.jar;C:\Users\ArchitKG\.m2\repository\org\slf4j\jcl-over-slf4j\1.7.30\jcl-over-slf4j-1.7.30.jar;C:\Users\ArchitKG\.m2\repository\com\github\docker-java\docker-java-transport-httpclient5\3.2.14\docker-java-transport-httpclient5-3.2.14.jar;C:\Users\ArchitKG\.m2\repository\com\github\docker-java\docker-java-transport\3.2.14\docker-java-transport-3.2.14.jar;C:\Users\ArchitKG\.m2\repository\net\java\dev\jna\jna\5.12.1\jna-5.12.1.jar;C:\Users\ArchitKG\.m2\repository\org\brotli\dec\0.1.2\dec-0.1.2.jar;C:\Users\ArchitKG\.m2\repository\org\apache\commons\commons-lang3\3.12.0\commons-lang3-3.12.0.jar;C:\Users\ArchitKG\.m2\repository\org\apache\httpcomponents\client5\httpclient5\5.2.1\httpclient5-5.2.1.jar;C:\Users\ArchitKG\.m2\repository\org\apache\httpcomponents\core5\httpcore5\5.2\httpcore5-5.2.jar;C:\Users\ArchitKG\.m2\repository\org\apache\httpcomponents\core5\httpcore5-h2\5.2\httpcore5-h2-5.2.jar;C:\Users\ArchitKG\.m2\repository\org\seleniumhq\selenium\selenium-java\4.9.1\selenium-java-4.9.1.jar;C:\Users\ArchitKG\.m2\repository\org\seleniumhq\selenium\selenium-api\4.9.1\selenium-api-4.9.1.jar;C:\Users\ArchitKG\.m2\repository\org\seleniumhq\selenium\selenium-chrome-driver\4.9.1\selenium-chrome-driver-4.9.1.jar;C:\Users\ArchitKG\.m2\repository\com\google\auto\service\auto-service-annotations\1.0.1\auto-service-annotations-1.0.1.jar;C:\Users\ArchitKG\.m2\repository\com\google\auto\service\auto-service\1.0.1\auto-service-1.0.1.jar;C:\Users\ArchitKG\.m2\repository\com\google\auto\auto-common\1.2\auto-common-1.2.jar;C:\Users\ArchitKG\.m2\repository\com\google\guava\guava\31.1-jre\guava-31.1-jre.jar;C:\Users\ArchitKG\.m2\repository\com\google\guava\failureaccess\1.0.1\failureaccess-1.0.1.jar;C:\Users\ArchitKG\.m2\repository\com\google\guava\listenablefuture\9999.0-empty-to-avoid-conflict-with-guava\listenablefuture-9999.0-empty-to-avoid-conflict-with-guava.jar;C:\Users\ArchitKG\.m2\repository\com\google\code\findbugs\jsr305\3.0.2\jsr305-3.0.2.jar;C:\Users\ArchitKG\.m2\repository\org\checkerframework\checker-qual\3.12.0\checker-qual-3.12.0.jar;C:\Users\ArchitKG\.m2\repository\com\google\errorprone\error_prone_annotations\2.11.0\error_prone_annotations-2.11.0.jar;C:\Users\ArchitKG\.m2\repository\com\google\j2objc\j2objc-annotations\1.3\j2objc-annotations-1.3.jar;C:\Users\ArchitKG\.m2\repository\org\seleniumhq\selenium\selenium-chromium-driver\4.9.1\selenium-chromium-driver-4.9.1.jar;C:\Users\ArchitKG\.m2\repository\org\seleniumhq\selenium\selenium-json\4.9.1\selenium-json-4.9.1.jar;C:\Users\ArchitKG\.m2\repository\org\seleniumhq\selenium\selenium-manager\4.9.1\selenium-manager-4.9.1.jar;C:\Users\ArchitKG\.m2\repository\org\seleniumhq\selenium\selenium-devtools-v111\4.9.1\selenium-devtools-v111-4.9.1.jar;C:\Users\ArchitKG\.m2\repository\org\seleniumhq\selenium\selenium-devtools-v112\4.9.1\selenium-devtools-v112-4.9.1.jar;C:\Users\ArchitKG\.m2\repository\org\seleniumhq\selenium\selenium-devtools-v113\4.9.1\selenium-devtools-v113-4.9.1.jar;C:\Users\ArchitKG\.m2\repository\org\seleniumhq\selenium\selenium-devtools-v85\4.9.1\selenium-devtools-v85-4.9.1.jar;C:\Users\ArchitKG\.m2\repository\org\seleniumhq\selenium\selenium-edge-driver\4.9.1\selenium-edge-driver-4.9.1.jar;C:\Users\ArchitKG\.m2\repository\org\seleniumhq\selenium\selenium-firefox-driver\4.9.1\selenium-firefox-driver-4.9.1.jar;C:\Users\ArchitKG\.m2\repository\org\seleniumhq\selenium\selenium-http\4.9.1\selenium-http-4.9.1.jar;C:\Users\ArchitKG\.m2\repository\dev\failsafe\failsafe\3.3.1\failsafe-3.3.1.jar;C:\Users\ArchitKG\.m2\repository\org\seleniumhq\selenium\selenium-ie-driver\4.9.1\selenium-ie-driver-4.9.1.jar;C:\Users\ArchitKG\.m2\repository\org\seleniumhq\selenium\selenium-remote-driver\4.9.1\selenium-remote-driver-4.9.1.jar;C:\Users\ArchitKG\.m2\repository\io\netty\netty-buffer\4.1.91.Final\netty-buffer-4.1.91.Final.jar;C:\Users\ArchitKG\.m2\repository\io\netty\netty-codec-http\4.1.91.Final\netty-codec-http-4.1.91.Final.jar;C:\Users\ArchitKG\.m2\repository\io\netty\netty-codec\4.1.91.Final\netty-codec-4.1.91.Final.jar;C:\Users\ArchitKG\.m2\repository\io\netty\netty-handler\4.1.91.Final\netty-handler-4.1.91.Final.jar;C:\Users\ArchitKG\.m2\repository\io\netty\netty-common\4.1.91.Final\netty-common-4.1.91.Final.jar;C:\Users\ArchitKG\.m2\repository\io\netty\netty-transport-classes-epoll\4.1.91.Final\netty-transport-classes-epoll-4.1.91.Final.jar;C:\Users\ArchitKG\.m2\repository\io\netty\netty-transport-classes-kqueue\4.1.91.Final\netty-transport-classes-kqueue-4.1.91.Final.jar;C:\Users\ArchitKG\.m2\repository\io\netty\netty-transport-native-epoll\4.1.91.Final\netty-transport-native-epoll-4.1.91.Final.jar;C:\Users\ArchitKG\.m2\repository\io\netty\netty-transport-native-kqueue\4.1.91.Final\netty-transport-native-kqueue-4.1.91.Final.jar;C:\Users\ArchitKG\.m2\repository\io\netty\netty-transport-native-unix-common\4.1.91.Final\netty-transport-native-unix-common-4.1.91.Final.jar;C:\Users\ArchitKG\.m2\repository\io\netty\netty-transport\4.1.91.Final\netty-transport-4.1.91.Final.jar;C:\Users\ArchitKG\.m2\repository\io\netty\netty-resolver\4.1.91.Final\netty-resolver-4.1.91.Final.jar;C:\Users\ArchitKG\.m2\repository\io\opentelemetry\opentelemetry-api\1.25.0\opentelemetry-api-1.25.0.jar;C:\Users\ArchitKG\.m2\repository\io\opentelemetry\opentelemetry-context\1.25.0\opentelemetry-context-1.25.0.jar;C:\Users\ArchitKG\.m2\repository\io\opentelemetry\opentelemetry-exporter-logging\1.25.0\opentelemetry-exporter-logging-1.25.0.jar;C:\Users\ArchitKG\.m2\repository\io\opentelemetry\opentelemetry-sdk-metrics\1.25.0\opentelemetry-sdk-metrics-1.25.0.jar;C:\Users\ArchitKG\.m2\repository\io\opentelemetry\opentelemetry-sdk-logs\1.25.0-alpha\opentelemetry-sdk-logs-1.25.0-alpha.jar;C:\Users\ArchitKG\.m2\repository\io\opentelemetry\opentelemetry-api-logs\1.25.0-alpha\opentelemetry-api-logs-1.25.0-alpha.jar;C:\Users\ArchitKG\.m2\repository\io\opentelemetry\opentelemetry-api-events\1.25.0-alpha\opentelemetry-api-events-1.25.0-alpha.jar;C:\Users\ArchitKG\.m2\repository\io\opentelemetry\opentelemetry-sdk-common\1.25.0\opentelemetry-sdk-common-1.25.0.jar;C:\Users\ArchitKG\.m2\repository\io\opentelemetry\opentelemetry-sdk-extension-autoconfigure-spi\1.25.0\opentelemetry-sdk-extension-autoconfigure-spi-1.25.0.jar;C:\Users\ArchitKG\.m2\repository\io\opentelemetry\opentelemetry-sdk-extension-autoconfigure\1.25.0-alpha\opentelemetry-sdk-extension-autoconfigure-1.25.0-alpha.jar;C:\Users\ArchitKG\.m2\repository\io\opentelemetry\opentelemetry-sdk-trace\1.25.0\opentelemetry-sdk-trace-1.25.0.jar;C:\Users\ArchitKG\.m2\repository\io\opentelemetry\opentelemetry-sdk\1.25.0\opentelemetry-sdk-1.25.0.jar;C:\Users\ArchitKG\.m2\repository\io\opentelemetry\opentelemetry-semconv\1.25.0-alpha\opentelemetry-semconv-1.25.0-alpha.jar;C:\Users\ArchitKG\.m2\repository\io\ous\jtoml\2.0.0\jtoml-2.0.0.jar;C:\Users\ArchitKG\.m2\repository\net\bytebuddy\byte-buddy\1.14.4\byte-buddy-1.14.4.jar;C:\Users\ArchitKG\.m2\repository\org\apache\commons\commons-exec\1.3\commons-exec-1.3.jar;C:\Users\ArchitKG\.m2\repository\org\asynchttpclient\async-http-client\2.12.3\async-http-client-2.12.3.jar;C:\Users\ArchitKG\.m2\repository\org\asynchttpclient\async-http-client-netty-utils\2.12.3\async-http-client-netty-utils-2.12.3.jar;C:\Users\ArchitKG\.m2\repository\io\netty\netty-codec-socks\4.1.60.Final\netty-codec-socks-4.1.60.Final.jar;C:\Users\ArchitKG\.m2\repository\io\netty\netty-handler-proxy\4.1.60.Final\netty-handler-proxy-4.1.60.Final.jar;C:\Users\ArchitKG\.m2\repository\io\netty\netty-transport-native-epoll\4.1.60.Final\netty-transport-native-epoll-4.1.60.Final-linux-x86_64.jar;C:\Users\ArchitKG\.m2\repository\io\netty\netty-transport-native-kqueue\4.1.60.Final\netty-transport-native-kqueue-4.1.60.Final-osx-x86_64.jar;C:\Users\ArchitKG\.m2\repository\org\reactivestreams\reactive-streams\1.0.3\reactive-streams-1.0.3.jar;C:\Users\ArchitKG\.m2\repository\com\typesafe\netty\netty-reactive-streams\2.0.4\netty-reactive-streams-2.0.4.jar;C:\Users\ArchitKG\.m2\repository\com\sun\activation\jakarta.activation\1.2.2\jakarta.activation-1.2.2.jar;C:\Users\ArchitKG\.m2\repository\org\seleniumhq\selenium\selenium-safari-driver\4.9.1\selenium-safari-driver-4.9.1.jar;C:\Users\ArchitKG\.m2\repository\org\seleniumhq\selenium\selenium-support\4.9.1\selenium-support-4.9.1.jar;C:\Users\ArchitKG\.m2\repository\org\apache\poi\poi-ooxml-schemas\4.0.0\poi-ooxml-schemas-4.0.0.jar;C:\Users\ArchitKG\.m2\repository\org\apache\xmlbeans\xmlbeans\3.0.1\xmlbeans-3.0.1.jar;C:\Users\ArchitKG\.m2\repository\org\apache\poi\poi\4.1.1\poi-4.1.1.jar;C:\Users\ArchitKG\.m2\repository\commons-codec\commons-codec\1.13\commons-codec-1.13.jar;C:\Users\ArchitKG\.m2\repository\org\apache\commons\commons-collections4\4.4\commons-collections4-4.4.jar;C:\Users\ArchitKG\.m2\repository\org\apache\commons\commons-math3\3.6.1\commons-math3-3.6.1.jar;C:\Users\ArchitKG\.m2\repository\org\testng\testng\7.7.1\testng-7.7.1.jar;C:\Users\ArchitKG\.m2\repository\com\beust\jcommander\1.82\jcommander-1.82.jar;C:\Users\ArchitKG\.m2\repository\org\webjars\jquery\3.6.1\jquery-3.6.1.jar;C:\Users\ArchitKG\.m2\repository\commons-io\commons-io\2.11.0\commons-io-2.11.0.jar;"/>
    <property name="java.vm.vendor" value="Oracle Corporation"/>
    <property name="sun.arch.data.model" value="64"/>
    <property name="user.variant" value=""/>
    <property name="java.vendor.url" value="https://openjdk.java.net/"/>
    <property name="user.timezone" value="Asia/Calcutta"/>
    <property name="java.vm.specification.version" value="11"/>
    <property name="os.name" value="Windows 10"/>
    <property name="sun.java.launcher" value="SUN_STANDARD"/>
    <property name="user.country" value="IN"/>
    <property name="sun.boot.library.path" value="C:\Program Files\Java\jdk-11\bin"/>
    <property name="sun.java.command" value="C:\Users\ArchitKG\AppData\Local\Temp\surefire12902003443589332329\surefirebooter-20230712122011277_3.jar C:\Users\ArchitKG\AppData\Local\Temp\surefire12902003443589332329 2023-07-12T12-20-10_916-jvmRun1 surefire-20230712122011277_1tmp surefire_0-20230712122011277_2tmp"/>
    <property name="jdk.debug" value="release"/>
    <property name="surefire.test.class.path" value="C:\Users\ArchitKG\eclipse-workspace\BddWorkspace\DemoBDDProject\target\test-classes;C:\Users\ArchitKG\eclipse-workspace\BddWorkspace\DemoBDDProject\target\classes;C:\Users\ArchitKG\.m2\repository\io\cucumber\cucumber-java\7.11.2\cucumber-java-7.11.2.jar;C:\Users\ArchitKG\.m2\repository\io\cucumber\cucumber-core\7.11.2\cucumber-core-7.11.2.jar;C:\Users\ArchitKG\.m2\repository\io\cucumber\cucumber-gherkin\7.11.2\cucumber-gherkin-7.11.2.jar;C:\Users\ArchitKG\.m2\repository\io\cucumber\cucumber-gherkin-messages\7.11.2\cucumber-gherkin-messages-7.11.2.jar;C:\Users\ArchitKG\.m2\repository\io\cucumber\gherkin\26.0.3\gherkin-26.0.3.jar;C:\Users\ArchitKG\.m2\repository\io\cucumber\messages\21.0.1\messages-21.0.1.jar;C:\Users\ArchitKG\.m2\repository\io\cucumber\tag-expressions\5.0.1\tag-expressions-5.0.1.jar;C:\Users\ArchitKG\.m2\repository\io\cucumber\cucumber-expressions\16.1.2\cucumber-expressions-16.1.2.jar;C:\Users\ArchitKG\.m2\repository\io\cucumber\datatable\7.11.2\datatable-7.11.2.jar;C:\Users\ArchitKG\.m2\repository\io\cucumber\cucumber-plugin\7.11.2\cucumber-plugin-7.11.2.jar;C:\Users\ArchitKG\.m2\repository\io\cucumber\docstring\7.11.2\docstring-7.11.2.jar;C:\Users\ArchitKG\.m2\repository\io\cucumber\html-formatter\20.2.1\html-formatter-20.2.1.jar;C:\Users\ArchitKG\.m2\repository\io\cucumber\junit-xml-formatter\0.1.0\junit-xml-formatter-0.1.0.jar;C:\Users\ArchitKG\.m2\repository\io\cucumber\ci-environment\9.1.0\ci-environment-9.1.0.jar;C:\Users\ArchitKG\.m2\repository\org\apiguardian\apiguardian-api\1.1.2\apiguardian-api-1.1.2.jar;C:\Users\ArchitKG\.m2\repository\io\cucumber\cucumber-html\0.2.7\cucumber-html-0.2.7.jar;C:\Users\ArchitKG\.m2\repository\io\cucumber\cucumber-testng\7.11.2\cucumber-testng-7.11.2.jar;C:\Users\ArchitKG\.m2\repository\io\github\bonigarcia\webdrivermanager\5.3.2\webdrivermanager-5.3.2.jar;C:\Users\ArchitKG\.m2\repository\org\slf4j\slf4j-api\2.0.6\slf4j-api-2.0.6.jar;C:\Users\ArchitKG\.m2\repository\com\google\code\gson\gson\2.10.1\gson-2.10.1.jar;C:\Users\ArchitKG\.m2\repository\com\github\docker-java\docker-java\3.2.14\docker-java-3.2.14.jar;C:\Users\ArchitKG\.m2\repository\com\github\docker-java\docker-java-core\3.2.14\docker-java-core-3.2.14.jar;C:\Users\ArchitKG\.m2\repository\com\github\docker-java\docker-java-api\3.2.14\docker-java-api-3.2.14.jar;C:\Users\ArchitKG\.m2\repository\com\fasterxml\jackson\core\jackson-annotations\2.10.3\jackson-annotations-2.10.3.jar;C:\Users\ArchitKG\.m2\repository\org\apache\commons\commons-compress\1.21\commons-compress-1.21.jar;C:\Users\ArchitKG\.m2\repository\com\fasterxml\jackson\core\jackson-databind\2.10.3\jackson-databind-2.10.3.jar;C:\Users\ArchitKG\.m2\repository\com\fasterxml\jackson\core\jackson-core\2.10.3\jackson-core-2.10.3.jar;C:\Users\ArchitKG\.m2\repository\org\bouncycastle\bcpkix-jdk15on\1.64\bcpkix-jdk15on-1.64.jar;C:\Users\ArchitKG\.m2\repository\org\bouncycastle\bcprov-jdk15on\1.64\bcprov-jdk15on-1.64.jar;C:\Users\ArchitKG\.m2\repository\org\slf4j\jcl-over-slf4j\1.7.30\jcl-over-slf4j-1.7.30.jar;C:\Users\ArchitKG\.m2\repository\com\github\docker-java\docker-java-transport-httpclient5\3.2.14\docker-java-transport-httpclient5-3.2.14.jar;C:\Users\ArchitKG\.m2\repository\com\github\docker-java\docker-java-transport\3.2.14\docker-java-transport-3.2.14.jar;C:\Users\ArchitKG\.m2\repository\net\java\dev\jna\jna\5.12.1\jna-5.12.1.jar;C:\Users\ArchitKG\.m2\repository\org\brotli\dec\0.1.2\dec-0.1.2.jar;C:\Users\ArchitKG\.m2\repository\org\apache\commons\commons-lang3\3.12.0\commons-lang3-3.12.0.jar;C:\Users\ArchitKG\.m2\repository\org\apache\httpcomponents\client5\httpclient5\5.2.1\httpclient5-5.2.1.jar;C:\Users\ArchitKG\.m2\repository\org\apache\httpcomponents\core5\httpcore5\5.2\httpcore5-5.2.jar;C:\Users\ArchitKG\.m2\repository\org\apache\httpcomponents\core5\httpcore5-h2\5.2\httpcore5-h2-5.2.jar;C:\Users\ArchitKG\.m2\repository\org\seleniumhq\selenium\selenium-java\4.9.1\selenium-java-4.9.1.jar;C:\Users\ArchitKG\.m2\repository\org\seleniumhq\selenium\selenium-api\4.9.1\selenium-api-4.9.1.jar;C:\Users\ArchitKG\.m2\repository\org\seleniumhq\selenium\selenium-chrome-driver\4.9.1\selenium-chrome-driver-4.9.1.jar;C:\Users\ArchitKG\.m2\repository\com\google\auto\service\auto-service-annotations\1.0.1\auto-service-annotations-1.0.1.jar;C:\Users\ArchitKG\.m2\repository\com\google\auto\service\auto-service\1.0.1\auto-service-1.0.1.jar;C:\Users\ArchitKG\.m2\repository\com\google\auto\auto-common\1.2\auto-common-1.2.jar;C:\Users\ArchitKG\.m2\repository\com\google\guava\guava\31.1-jre\guava-31.1-jre.jar;C:\Users\ArchitKG\.m2\repository\com\google\guava\failureaccess\1.0.1\failureaccess-1.0.1.jar;C:\Users\ArchitKG\.m2\repository\com\google\guava\listenablefuture\9999.0-empty-to-avoid-conflict-with-guava\listenablefuture-9999.0-empty-to-avoid-conflict-with-guava.jar;C:\Users\ArchitKG\.m2\repository\com\google\code\findbugs\jsr305\3.0.2\jsr305-3.0.2.jar;C:\Users\ArchitKG\.m2\repository\org\checkerframework\checker-qual\3.12.0\checker-qual-3.12.0.jar;C:\Users\ArchitKG\.m2\repository\com\google\errorprone\error_prone_annotations\2.11.0\error_prone_annotations-2.11.0.jar;C:\Users\ArchitKG\.m2\repository\com\google\j2objc\j2objc-annotations\1.3\j2objc-annotations-1.3.jar;C:\Users\ArchitKG\.m2\repository\org\seleniumhq\selenium\selenium-chromium-driver\4.9.1\selenium-chromium-driver-4.9.1.jar;C:\Users\ArchitKG\.m2\repository\org\seleniumhq\selenium\selenium-json\4.9.1\selenium-json-4.9.1.jar;C:\Users\ArchitKG\.m2\repository\org\seleniumhq\selenium\selenium-manager\4.9.1\selenium-manager-4.9.1.jar;C:\Users\ArchitKG\.m2\repository\org\seleniumhq\selenium\selenium-devtools-v111\4.9.1\selenium-devtools-v111-4.9.1.jar;C:\Users\ArchitKG\.m2\repository\org\seleniumhq\selenium\selenium-devtools-v112\4.9.1\selenium-devtools-v112-4.9.1.jar;C:\Users\ArchitKG\.m2\repository\org\seleniumhq\selenium\selenium-devtools-v113\4.9.1\selenium-devtools-v113-4.9.1.jar;C:\Users\ArchitKG\.m2\repository\org\seleniumhq\selenium\selenium-devtools-v85\4.9.1\selenium-devtools-v85-4.9.1.jar;C:\Users\ArchitKG\.m2\repository\org\seleniumhq\selenium\selenium-edge-driver\4.9.1\selenium-edge-driver-4.9.1.jar;C:\Users\ArchitKG\.m2\repository\org\seleniumhq\selenium\selenium-firefox-driver\4.9.1\selenium-firefox-driver-4.9.1.jar;C:\Users\ArchitKG\.m2\repository\org\seleniumhq\selenium\selenium-http\4.9.1\selenium-http-4.9.1.jar;C:\Users\ArchitKG\.m2\repository\dev\failsafe\failsafe\3.3.1\failsafe-3.3.1.jar;C:\Users\ArchitKG\.m2\repository\org\seleniumhq\selenium\selenium-ie-driver\4.9.1\selenium-ie-driver-4.9.1.jar;C:\Users\ArchitKG\.m2\repository\org\seleniumhq\selenium\selenium-remote-driver\4.9.1\selenium-remote-driver-4.9.1.jar;C:\Users\ArchitKG\.m2\repository\io\netty\netty-buffer\4.1.91.Final\netty-buffer-4.1.91.Final.jar;C:\Users\ArchitKG\.m2\repository\io\netty\netty-codec-http\4.1.91.Final\netty-codec-http-4.1.91.Final.jar;C:\Users\ArchitKG\.m2\repository\io\netty\netty-codec\4.1.91.Final\netty-codec-4.1.91.Final.jar;C:\Users\ArchitKG\.m2\repository\io\netty\netty-handler\4.1.91.Final\netty-handler-4.1.91.Final.jar;C:\Users\ArchitKG\.m2\repository\io\netty\netty-common\4.1.91.Final\netty-common-4.1.91.Final.jar;C:\Users\ArchitKG\.m2\repository\io\netty\netty-transport-classes-epoll\4.1.91.Final\netty-transport-classes-epoll-4.1.91.Final.jar;C:\Users\ArchitKG\.m2\repository\io\netty\netty-transport-classes-kqueue\4.1.91.Final\netty-transport-classes-kqueue-4.1.91.Final.jar;C:\Users\ArchitKG\.m2\repository\io\netty\netty-transport-native-epoll\4.1.91.Final\netty-transport-native-epoll-4.1.91.Final.jar;C:\Users\ArchitKG\.m2\repository\io\netty\netty-transport-native-kqueue\4.1.91.Final\netty-transport-native-kqueue-4.1.91.Final.jar;C:\Users\ArchitKG\.m2\repository\io\netty\netty-transport-native-unix-common\4.1.91.Final\netty-transport-native-unix-common-4.1.91.Final.jar;C:\Users\ArchitKG\.m2\repository\io\netty\netty-transport\4.1.91.Final\netty-transport-4.1.91.Final.jar;C:\Users\ArchitKG\.m2\repository\io\netty\netty-resolver\4.1.91.Final\netty-resolver-4.1.91.Final.jar;C:\Users\ArchitKG\.m2\repository\io\opentelemetry\opentelemetry-api\1.25.0\opentelemetry-api-1.25.0.jar;C:\Users\ArchitKG\.m2\repository\io\opentelemetry\opentelemetry-context\1.25.0\opentelemetry-context-1.25.0.jar;C:\Users\ArchitKG\.m2\repository\io\opentelemetry\opentelemetry-exporter-logging\1.25.0\opentelemetry-exporter-logging-1.25.0.jar;C:\Users\ArchitKG\.m2\repository\io\opentelemetry\opentelemetry-sdk-metrics\1.25.0\opentelemetry-sdk-metrics-1.25.0.jar;C:\Users\ArchitKG\.m2\repository\io\opentelemetry\opentelemetry-sdk-logs\1.25.0-alpha\opentelemetry-sdk-logs-1.25.0-alpha.jar;C:\Users\ArchitKG\.m2\repository\io\opentelemetry\opentelemetry-api-logs\1.25.0-alpha\opentelemetry-api-logs-1.25.0-alpha.jar;C:\Users\ArchitKG\.m2\repository\io\opentelemetry\opentelemetry-api-events\1.25.0-alpha\opentelemetry-api-events-1.25.0-alpha.jar;C:\Users\ArchitKG\.m2\repository\io\opentelemetry\opentelemetry-sdk-common\1.25.0\opentelemetry-sdk-common-1.25.0.jar;C:\Users\ArchitKG\.m2\repository\io\opentelemetry\opentelemetry-sdk-extension-autoconfigure-spi\1.25.0\opentelemetry-sdk-extension-autoconfigure-spi-1.25.0.jar;C:\Users\ArchitKG\.m2\repository\io\opentelemetry\opentelemetry-sdk-extension-autoconfigure\1.25.0-alpha\opentelemetry-sdk-extension-autoconfigure-1.25.0-alpha.jar;C:\Users\ArchitKG\.m2\repository\io\opentelemetry\opentelemetry-sdk-trace\1.25.0\opentelemetry-sdk-trace-1.25.0.jar;C:\Users\ArchitKG\.m2\repository\io\opentelemetry\opentelemetry-sdk\1.25.0\opentelemetry-sdk-1.25.0.jar;C:\Users\ArchitKG\.m2\repository\io\opentelemetry\opentelemetry-semconv\1.25.0-alpha\opentelemetry-semconv-1.25.0-alpha.jar;C:\Users\ArchitKG\.m2\repository\io\ous\jtoml\2.0.0\jtoml-2.0.0.jar;C:\Users\ArchitKG\.m2\repository\net\bytebuddy\byte-buddy\1.14.4\byte-buddy-1.14.4.jar;C:\Users\ArchitKG\.m2\repository\org\apache\commons\commons-exec\1.3\commons-exec-1.3.jar;C:\Users\ArchitKG\.m2\repository\org\asynchttpclient\async-http-client\2.12.3\async-http-client-2.12.3.jar;C:\Users\ArchitKG\.m2\repository\org\asynchttpclient\async-http-client-netty-utils\2.12.3\async-http-client-netty-utils-2.12.3.jar;C:\Users\ArchitKG\.m2\repository\io\netty\netty-codec-socks\4.1.60.Final\netty-codec-socks-4.1.60.Final.jar;C:\Users\ArchitKG\.m2\repository\io\netty\netty-handler-proxy\4.1.60.Final\netty-handler-proxy-4.1.60.Final.jar;C:\Users\ArchitKG\.m2\repository\io\netty\netty-transport-native-epoll\4.1.60.Final\netty-transport-native-epoll-4.1.60.Final-linux-x86_64.jar;C:\Users\ArchitKG\.m2\repository\io\netty\netty-transport-native-kqueue\4.1.60.Final\netty-transport-native-kqueue-4.1.60.Final-osx-x86_64.jar;C:\Users\ArchitKG\.m2\repository\org\reactivestreams\reactive-streams\1.0.3\reactive-streams-1.0.3.jar;C:\Users\ArchitKG\.m2\repository\com\typesafe\netty\netty-reactive-streams\2.0.4\netty-reactive-streams-2.0.4.jar;C:\Users\ArchitKG\.m2\repository\com\sun\activation\jakarta.activation\1.2.2\jakarta.activation-1.2.2.jar;C:\Users\ArchitKG\.m2\repository\org\seleniumhq\selenium\selenium-safari-driver\4.9.1\selenium-safari-driver-4.9.1.jar;C:\Users\ArchitKG\.m2\repository\org\seleniumhq\selenium\selenium-support\4.9.1\selenium-support-4.9.1.jar;C:\Users\ArchitKG\.m2\repository\org\apache\poi\poi-ooxml-schemas\4.0.0\poi-ooxml-schemas-4.0.0.jar;C:\Users\ArchitKG\.m2\repository\org\apache\xmlbeans\xmlbeans\3.0.1\xmlbeans-3.0.1.jar;C:\Users\ArchitKG\.m2\repository\org\apache\poi\poi\4.1.1\poi-4.1.1.jar;C:\Users\ArchitKG\.m2\repository\commons-codec\commons-codec\1.13\commons-codec-1.13.jar;C:\Users\ArchitKG\.m2\repository\org\apache\commons\commons-collections4\4.4\commons-collections4-4.4.jar;C:\Users\ArchitKG\.m2\repository\org\apache\commons\commons-math3\3.6.1\commons-math3-3.6.1.jar;C:\Users\ArchitKG\.m2\repository\org\testng\testng\7.7.1\testng-7.7.1.jar;C:\Users\ArchitKG\.m2\repository\com\beust\jcommander\1.82\jcommander-1.82.jar;C:\Users\ArchitKG\.m2\repository\org\webjars\jquery\3.6.1\jquery-3.6.1.jar;C:\Users\ArchitKG\.m2\repository\commons-io\commons-io\2.11.0\commons-io-2.11.0.jar;"/>
    <property name="sun.cpu.endian" value="little"/>
    <property name="user.home" value="C:\Users\ArchitKG"/>
    <property name="user.language" value="en"/>
    <property name="java.specification.vendor" value="Oracle Corporation"/>
    <property name="java.version.date" value="2023-01-17"/>
    <property name="java.home" value="C:\Program Files\Java\jdk-11"/>
    <property name="file.separator" value="\"/>
    <property name="basedir" value="C:\Users\ArchitKG\eclipse-workspace\BddWorkspace\DemoBDDProject"/>
    <property name="java.vm.compressedOopsMode" value="Zero based"/>
    <property name="line.separator" value="&#10;"/>
    <property name="java.specification.name" value="Java Platform API Specification"/>
    <property name="java.vm.specification.vendor" value="Oracle Corporation"/>
    <property name="java.awt.graphicsenv" value="sun.awt.Win32GraphicsEnvironment"/>
    <property name="surefire.real.class.path" value="C:\Users\ArchitKG\AppData\Local\Temp\surefire12902003443589332329\surefirebooter-20230712122011277_3.jar"/>
    <property name="user.script" value=""/>
    <property name="sun.management.compiler" value="HotSpot 64-Bit Tiered Compilers"/>
    <property name="java.runtime.version" value="11.0.18+9-LTS-195"/>
    <property name="user.name" value="ArchitKG"/>
    <property name="path.separator" value=";"/>
    <property name="os.version" value="10.0"/>
    <property name="java.runtime.name" value="Java(TM) SE Runtime Environment"/>
    <property name="file.encoding" value="Cp1252"/>
    <property name="java.vm.name" value="Java HotSpot(TM) 64-Bit Server VM"/>
    <property name="java.vendor.version" value="18.9"/>
    <property name="localRepository" value="C:\Users\ArchitKG\.m2\repository"/>
    <property name="java.vendor.url.bug" value="https://bugreport.java.com/bugreport/"/>
    <property name="java.io.tmpdir" value="C:\Users\ArchitKG\AppData\Local\Temp\"/>
    <property name="java.version" value="11.0.18"/>
    <property name="user.dir" value="C:\Users\ArchitKG\eclipse-workspace\BddWorkspace\DemoBDDProject"/>
    <property name="os.arch" value="amd64"/>
    <property name="java.vm.specification.name" value="Java Virtual Machine Specification"/>
    <property name="java.awt.printerjob" value="sun.awt.windows.WPrinterJob"/>
    <property name="sun.os.patch.level" value=""/>
    <property name="java.library.path" value="C:\Program Files\Java\jdk-11\bin;C:\Windows\Sun\Java\bin;C:\Windows\system32;C:\Windows;C:\Program Files\Common Files\Oracle\Java\javapath;C:\Windows\system32;C:\Windows;C:\Windows\System32\Wbem;C:\Windows\System32\WindowsPowerShell\v1.0\;C:\Windows\System32\OpenSSH\;D:\Maven\apache-maven-3.9.2-bin\apache-maven-3.9.2\bin;C:\Program Files\nodejs\;C:\Users\ArchitKG\AppData\Local\Android\Sdk\platform-tools;C:\Users\ArchitKG\AppData\Local\Android\Sdk\tools;D:\gradle-8.1.1\bin;C:\Program Files\nodejs\node_modules;C:\Program Files\Java\jdk-11\bin;C:\Program Files\Git\cmd;C:\Users\ArchitKG\AppData\Local\Microsoft\WindowsApps;C:\Users\ArchitKG\AppData\Roaming\npm;."/>
    <property name="java.vendor" value="Oracle Corporation"/>
    <property name="java.vm.info" value="mixed mode"/>
    <property name="java.vm.version" value="11.0.18+9-LTS-195"/>
    <property name="sun.io.unicode.encoding" value="UnicodeLittle"/>
    <property name="java.class.version" value="55.0"/>
  </properties>
  <testcase name="runScenario[&quot;User should be able to login with valid credentials&quot;, &quot;Login Functionality&quot;](1)" classname="runner.TestRunner" time="11.281">
    <system-out><![CDATA[
Scenario Outline: User should be able to login with valid credentials &amp#27;[90m# src/test/resources/features/LoginFeature.feature:13&amp#27;[0m
  &amp#27;[32mGiven &amp#27;[0m&amp#27;[32mUser is navigated to the login page&amp#27;[0m                           &amp#27;[90m# stepdefinitions.Login.user_is_navigated_to_the_login_page()&amp#27;[0m
  &amp#27;[32mWhen &amp#27;[0m&amp#27;[32mUser enters valid email address &amp#27;[0m&amp#27;[32m&amp#27;[1mamotooricap1@gmail.com&amp#27;[0m         &amp#27;[90m# stepdefinitions.Login.user_enters_valid_email_address(java.lang.String)&amp#27;[0m
  &amp#27;[32mAnd &amp#27;[0m&amp#27;[32mUser enters valid password &amp#27;[0m&amp#27;[32m&amp#27;[1m12345&amp#27;[0m                                &amp#27;[90m# stepdefinitions.Login.user_enters_valid_password(java.lang.String)&amp#27;[0m
  &amp#27;[32mAnd &amp#27;[0m&amp#27;[32mUser clicks on login button&amp#27;[0m                                     &amp#27;[90m# stepdefinitions.Login.user_clicks_on_login_button()&amp#27;[0m
  &amp#27;[32mThen &amp#27;[0m&amp#27;[32mUser should be successfully logged in&amp#27;[0m                          &amp#27;[90m# stepdefinitions.Login.user_should_be_successfully_logged_in()&amp#27;[0m
]]></system-out>
    <system-err><![CDATA[SLF4J: No SLF4J providers were found.
SLF4J: Defaulting to no-operation (NOP) logger implementation
SLF4J: See https://www.slf4j.org/codes.html#noProviders for further details.
Jul 12, 2023 12:20:13 PM org.openqa.selenium.manager.SeleniumManager getDriverPath
INFO: Applicable driver not found; attempting to install with Selenium Manager (Beta)
Starting ChromeDriver 114.0.5735.90 (386bc09e8f4f2e025eddae123f36f6263096ae49-refs/branch-heads/5735@{#1052}) on port 22651
Only local connections are allowed.
Please see https://chromedriver.chromium.org/security-considerations for suggestions on keeping ChromeDriver safe.
ChromeDriver was started successfully.
Jul 12, 2023 12:20:15 PM org.openqa.selenium.devtools.CdpVersionFinder findNearestMatch
WARNING: Unable to find an exact match for CDP version 114, so returning the closest version found: 113
]]></system-err>
  </testcase>
  <testcase name="runScenario[&quot;User should be able to login with valid credentials&quot;, &quot;Login Functionality&quot;](2)" classname="runner.TestRunner" time="9.659">
    <system-out><![CDATA[
Scenario Outline: User should be able to login with valid credentials &amp#27;[90m# src/test/resources/features/LoginFeature.feature:14&amp#27;[0m
  &amp#27;[32mGiven &amp#27;[0m&amp#27;[32mUser is navigated to the login page&amp#27;[0m                           &amp#27;[90m# stepdefinitions.Login.user_is_navigated_to_the_login_page()&amp#27;[0m
  &amp#27;[32mWhen &amp#27;[0m&amp#27;[32mUser enters valid email address &amp#27;[0m&amp#27;[32m&amp#27;[1mamotooricap2@gmail.com&amp#27;[0m         &amp#27;[90m# stepdefinitions.Login.user_enters_valid_email_address(java.lang.String)&amp#27;[0m
  &amp#27;[32mAnd &amp#27;[0m&amp#27;[32mUser enters valid password &amp#27;[0m&amp#27;[32m&amp#27;[1m12345&amp#27;[0m                                &amp#27;[90m# stepdefinitions.Login.user_enters_valid_password(java.lang.String)&amp#27;[0m
  &amp#27;[32mAnd &amp#27;[0m&amp#27;[32mUser clicks on login button&amp#27;[0m                                     &amp#27;[90m# stepdefinitions.Login.user_clicks_on_login_button()&amp#27;[0m
  &amp#27;[32mThen &amp#27;[0m&amp#27;[32mUser should be successfully logged in&amp#27;[0m                          &amp#27;[90m# stepdefinitions.Login.user_should_be_successfully_logged_in()&amp#27;[0m
]]></system-out>
    <system-err><![CDATA[Jul 12, 2023 12:20:24 PM org.openqa.selenium.manager.SeleniumManager getDriverPath
INFO: Applicable driver not found; attempting to install with Selenium Manager (Beta)
Starting ChromeDriver 114.0.5735.90 (386bc09e8f4f2e025eddae123f36f6263096ae49-refs/branch-heads/5735@{#1052}) on port 14261
Only local connections are allowed.
Please see https://chromedriver.chromium.org/security-considerations for suggestions on keeping ChromeDriver safe.
ChromeDriver was started successfully.
Jul 12, 2023 12:20:25 PM org.openqa.selenium.devtools.CdpVersionFinder findNearestMatch
WARNING: Unable to find an exact match for CDP version 114, so returning the closest version found: 113
]]></system-err>
  </testcase>
  <testcase name="runScenario[&quot;User should be able to login with valid credentials&quot;, &quot;Login Functionality&quot;](3)" classname="runner.TestRunner" time="9.757">
    <system-out><![CDATA[
Scenario Outline: User should be able to login with valid credentials &amp#27;[90m# src/test/resources/features/LoginFeature.feature:15&amp#27;[0m
  &amp#27;[32mGiven &amp#27;[0m&amp#27;[32mUser is navigated to the login page&amp#27;[0m                           &amp#27;[90m# stepdefinitions.Login.user_is_navigated_to_the_login_page()&amp#27;[0m
  &amp#27;[32mWhen &amp#27;[0m&amp#27;[32mUser enters valid email address &amp#27;[0m&amp#27;[32m&amp#27;[1mamotooricap3@gmail.com&amp#27;[0m         &amp#27;[90m# stepdefinitions.Login.user_enters_valid_email_address(java.lang.String)&amp#27;[0m
  &amp#27;[32mAnd &amp#27;[0m&amp#27;[32mUser enters valid password &amp#27;[0m&amp#27;[32m&amp#27;[1m12345&amp#27;[0m                                &amp#27;[90m# stepdefinitions.Login.user_enters_valid_password(java.lang.String)&amp#27;[0m
  &amp#27;[32mAnd &amp#27;[0m&amp#27;[32mUser clicks on login button&amp#27;[0m                                     &amp#27;[90m# stepdefinitions.Login.user_clicks_on_login_button()&amp#27;[0m
  &amp#27;[32mThen &amp#27;[0m&amp#27;[32mUser should be successfully logged in&amp#27;[0m                          &amp#27;[90m# stepdefinitions.Login.user_should_be_successfully_logged_in()&amp#27;[0m
]]></system-out>
    <system-err><![CDATA[Jul 12, 2023 12:20:34 PM org.openqa.selenium.manager.SeleniumManager getDriverPath
INFO: Applicable driver not found; attempting to install with Selenium Manager (Beta)
Starting ChromeDriver 114.0.5735.90 (386bc09e8f4f2e025eddae123f36f6263096ae49-refs/branch-heads/5735@{#1052}) on port 16575
Only local connections are allowed.
Please see https://chromedriver.chromium.org/security-considerations for suggestions on keeping ChromeDriver safe.
ChromeDriver was started successfully.
Jul 12, 2023 12:20:35 PM org.openqa.selenium.devtools.CdpVersionFinder findNearestMatch
WARNING: Unable to find an exact match for CDP version 114, so returning the closest version found: 113
]]></system-err>
  </testcase>
  <testcase name="runScenario[&quot;User should login with invalid credentials&quot;, &quot;Login Functionality&quot;](4)" classname="runner.TestRunner" time="9.509">
    <system-out><![CDATA[
Scenario: User should login with invalid credentials &amp#27;[90m# src/test/resources/features/LoginFeature.feature:17&amp#27;[0m
  &amp#27;[32mGiven &amp#27;[0m&amp#27;[32mUser is navigated to the login page&amp#27;[0m          &amp#27;[90m# stepdefinitions.Login.user_is_navigated_to_the_login_page()&amp#27;[0m
  &amp#27;[32mWhen &amp#27;[0m&amp#27;[32mUser enters invalid email address&amp#27;[0m             &amp#27;[90m# stepdefinitions.Login.user_enters_invalid_email_address()&amp#27;[0m
  &amp#27;[32mAnd &amp#27;[0m&amp#27;[32mUser enters invalid password &amp#27;[0m&amp#27;[32m&amp#27;[1m"6543121"&amp#27;[0m         &amp#27;[90m# stepdefinitions.Login.user_enters_invalid_password(java.lang.String)&amp#27;[0m
  &amp#27;[32mAnd &amp#27;[0m&amp#27;[32mUser clicks on login button&amp#27;[0m                    &amp#27;[90m# stepdefinitions.Login.user_clicks_on_login_button()&amp#27;[0m
  &amp#27;[32mThen &amp#27;[0m&amp#27;[32mUser should not be able to log in&amp#27;[0m             &amp#27;[90m# stepdefinitions.Login.user_should_not_be_able_to_log_in()&amp#27;[0m
  &amp#27;[32mAnd &amp#27;[0m&amp#27;[32mUser should receive warning message&amp#27;[0m            &amp#27;[90m# stepdefinitions.Login.user_should_receive_warning_message()&amp#27;[0m
]]></system-out>
    <system-err><![CDATA[Jul 12, 2023 12:20:43 PM org.openqa.selenium.manager.SeleniumManager getDriverPath
INFO: Applicable driver not found; attempting to install with Selenium Manager (Beta)
Starting ChromeDriver 114.0.5735.90 (386bc09e8f4f2e025eddae123f36f6263096ae49-refs/branch-heads/5735@{#1052}) on port 39692
Only local connections are allowed.
Please see https://chromedriver.chromium.org/security-considerations for suggestions on keeping ChromeDriver safe.
ChromeDriver was started successfully.
Jul 12, 2023 12:20:44 PM org.openqa.selenium.devtools.CdpVersionFinder findNearestMatch
WARNING: Unable to find an exact match for CDP version 114, so returning the closest version found: 113
]]></system-err>
  </testcase>
  <testcase name="runScenario[&quot;User should login with valid email and invalid password&quot;, &quot;Login Functionality&quot;](5)" classname="runner.TestRunner" time="9.731">
    <system-out><![CDATA[
Scenario: User should login with valid email and invalid password &amp#27;[90m# src/test/resources/features/LoginFeature.feature:26&amp#27;[0m
  &amp#27;[32mGiven &amp#27;[0m&amp#27;[32mUser is navigated to the login page&amp#27;[0m                       &amp#27;[90m# stepdefinitions.Login.user_is_navigated_to_the_login_page()&amp#27;[0m
  &amp#27;[32mWhen &amp#27;[0m&amp#27;[32mUser enters valid email address &amp#27;[0m&amp#27;[32m&amp#27;[1m"admin@123.gmail.com"&amp#27;[0m      &amp#27;[90m# stepdefinitions.Login.user_enters_valid_email_address(java.lang.String)&amp#27;[0m
  &amp#27;[32mAnd &amp#27;[0m&amp#27;[32mUser enters invalid password &amp#27;[0m&amp#27;[32m&amp#27;[1m"6543121"&amp#27;[0m                      &amp#27;[90m# stepdefinitions.Login.user_enters_invalid_password(java.lang.String)&amp#27;[0m
  &amp#27;[32mAnd &amp#27;[0m&amp#27;[32mUser clicks on login button&amp#27;[0m                                 &amp#27;[90m# stepdefinitions.Login.user_clicks_on_login_button()&amp#27;[0m
  &amp#27;[32mThen &amp#27;[0m&amp#27;[32mUser should not be able to log in&amp#27;[0m                          &amp#27;[90m# stepdefinitions.Login.user_should_not_be_able_to_log_in()&amp#27;[0m
  &amp#27;[32mAnd &amp#27;[0m&amp#27;[32mUser should receive warning message&amp#27;[0m                         &amp#27;[90m# stepdefinitions.Login.user_should_receive_warning_message()&amp#27;[0m
]]></system-out>
    <system-err><![CDATA[Jul 12, 2023 12:20:53 PM org.openqa.selenium.manager.SeleniumManager getDriverPath
INFO: Applicable driver not found; attempting to install with Selenium Manager (Beta)
Starting ChromeDriver 114.0.5735.90 (386bc09e8f4f2e025eddae123f36f6263096ae49-refs/branch-heads/5735@{#1052}) on port 24597
Only local connections are allowed.
Please see https://chromedriver.chromium.org/security-considerations for suggestions on keeping ChromeDriver safe.
ChromeDriver was started successfully.
Jul 12, 2023 12:20:54 PM org.openqa.selenium.devtools.CdpVersionFinder findNearestMatch
WARNING: Unable to find an exact match for CDP version 114, so returning the closest version found: 113
]]></system-err>
  </testcase>
  <testcase name="runScenario[&quot;User should login with invalid email and valid password&quot;, &quot;Login Functionality&quot;](6)" classname="runner.TestRunner" time="9.465">
    <system-out><![CDATA[
Scenario: User should login with invalid email and valid password &amp#27;[90m# src/test/resources/features/LoginFeature.feature:35&amp#27;[0m
  &amp#27;[32mGiven &amp#27;[0m&amp#27;[32mUser is navigated to the login page&amp#27;[0m                       &amp#27;[90m# stepdefinitions.Login.user_is_navigated_to_the_login_page()&amp#27;[0m
  &amp#27;[32mWhen &amp#27;[0m&amp#27;[32mUser enters invalid email address&amp#27;[0m                          &amp#27;[90m# stepdefinitions.Login.user_enters_invalid_email_address()&amp#27;[0m
  &amp#27;[32mAnd &amp#27;[0m&amp#27;[32mUser enters invalid password &amp#27;[0m&amp#27;[32m&amp#27;[1m"12345"&amp#27;[0m                        &amp#27;[90m# stepdefinitions.Login.user_enters_invalid_password(java.lang.String)&amp#27;[0m
  &amp#27;[32mAnd &amp#27;[0m&amp#27;[32mUser clicks on login button&amp#27;[0m                                 &amp#27;[90m# stepdefinitions.Login.user_clicks_on_login_button()&amp#27;[0m
  &amp#27;[32mThen &amp#27;[0m&amp#27;[32mUser should not be able to log in&amp#27;[0m                          &amp#27;[90m# stepdefinitions.Login.user_should_not_be_able_to_log_in()&amp#27;[0m
  &amp#27;[32mAnd &amp#27;[0m&amp#27;[32mUser should receive warning message&amp#27;[0m                         &amp#27;[90m# stepdefinitions.Login.user_should_receive_warning_message()&amp#27;[0m
]]></system-out>
    <system-err><![CDATA[Jul 12, 2023 12:21:03 PM org.openqa.selenium.manager.SeleniumManager getDriverPath
INFO: Applicable driver not found; attempting to install with Selenium Manager (Beta)
Starting ChromeDriver 114.0.5735.90 (386bc09e8f4f2e025eddae123f36f6263096ae49-refs/branch-heads/5735@{#1052}) on port 31854
Only local connections are allowed.
Please see https://chromedriver.chromium.org/security-considerations for suggestions on keeping ChromeDriver safe.
ChromeDriver was started successfully.
Jul 12, 2023 12:21:04 PM org.openqa.selenium.devtools.CdpVersionFinder findNearestMatch
WARNING: Unable to find an exact match for CDP version 114, so returning the closest version found: 113
]]></system-err>
  </testcase>
  <testcase name="runScenario[&quot;User should login without any credentials&quot;, &quot;Login Functionality&quot;](7)" classname="runner.TestRunner" time="9.862">
    <system-out><![CDATA[
Scenario: User should login without any credentials &amp#27;[90m# src/test/resources/features/LoginFeature.feature:44&amp#27;[0m
  &amp#27;[32mGiven &amp#27;[0m&amp#27;[32mUser is navigated to the login page&amp#27;[0m         &amp#27;[90m# stepdefinitions.Login.user_is_navigated_to_the_login_page()&amp#27;[0m
  &amp#27;[32mWhen &amp#27;[0m&amp#27;[32mUser do not enter any credentials&amp#27;[0m            &amp#27;[90m# stepdefinitions.Login.user_do_not_enter_any_credentials()&amp#27;[0m
  &amp#27;[32mAnd &amp#27;[0m&amp#27;[32mUser clicks on login button&amp#27;[0m                   &amp#27;[90m# stepdefinitions.Login.user_clicks_on_login_button()&amp#27;[0m
  &amp#27;[32mThen &amp#27;[0m&amp#27;[32mUser should not be able to log in&amp#27;[0m            &amp#27;[90m# stepdefinitions.Login.user_should_not_be_able_to_log_in()&amp#27;[0m
  &amp#27;[32mAnd &amp#27;[0m&amp#27;[32mUser should receive warning message&amp#27;[0m           &amp#27;[90m# stepdefinitions.Login.user_should_receive_warning_message()&amp#27;[0m
]]></system-out>
    <system-err><![CDATA[Jul 12, 2023 12:21:12 PM org.openqa.selenium.manager.SeleniumManager getDriverPath
INFO: Applicable driver not found; attempting to install with Selenium Manager (Beta)
Starting ChromeDriver 114.0.5735.90 (386bc09e8f4f2e025eddae123f36f6263096ae49-refs/branch-heads/5735@{#1052}) on port 9140
Only local connections are allowed.
Please see https://chromedriver.chromium.org/security-considerations for suggestions on keeping ChromeDriver safe.
ChromeDriver was started successfully.
Jul 12, 2023 12:21:13 PM org.openqa.selenium.devtools.CdpVersionFinder findNearestMatch
WARNING: Unable to find an exact match for CDP version 114, so returning the closest version found: 113
]]></system-err>
  </testcase>
  <testcase name="runScenario[&quot;User should be able to register with mandatory fields&quot;, &quot;Register Functionality&quot;](8)" classname="runner.TestRunner" time="13.51">
    <system-out><![CDATA[
Scenario: User should be able to register with mandatory fields  &amp#27;[90m# src/test/resources/features/Register.feature:4&amp#27;[0m
  &amp#27;[32mGiven &amp#27;[0m&amp#27;[32mUser is navigated to the Regsitration page&amp#27;[0m               &amp#27;[90m# stepdefinitions.Register.user_is_navigated_to_the_regsitration_page()&amp#27;[0m
  &amp#27;[32mWhen &amp#27;[0m&amp#27;[32mUser enters the details below in the filed&amp#27;[0m                &amp#27;[90m# stepdefinitions.Register.user_enters_the_details_below_in_the_filed(io.cucumber.datatable.DataTable)&amp#27;[0m
    | firstname | Admin      |
    | lastname  | Manager    |
    | phone     | 1234567890 |
    | password  | 123456     |
  &amp#27;[32mAnd &amp#27;[0m&amp#27;[32mUser should click on Terms and Conditions check-box option&amp#27;[0m &amp#27;[90m# stepdefinitions.Register.user_should_click_on_terms_and_conditions_check_box_option()&amp#27;[0m
  &amp#27;[32mAnd &amp#27;[0m&amp#27;[32mUser should click on Continue button&amp#27;[0m                       &amp#27;[90m# stepdefinitions.Register.user_should_click_on_continue_button()&amp#27;[0m
  &amp#27;[32mThen &amp#27;[0m&amp#27;[32mUser should be successfully registered in the account&amp#27;[0m     &amp#27;[90m# stepdefinitions.Register.user_should_be_successfully_registered_in_the_account()&amp#27;[0m
]]></system-out>
    <system-err><![CDATA[Jul 12, 2023 12:21:22 PM org.openqa.selenium.manager.SeleniumManager getDriverPath
INFO: Applicable driver not found; attempting to install with Selenium Manager (Beta)
Starting ChromeDriver 114.0.5735.90 (386bc09e8f4f2e025eddae123f36f6263096ae49-refs/branch-heads/5735@{#1052}) on port 33768
Only local connections are allowed.
Please see https://chromedriver.chromium.org/security-considerations for suggestions on keeping ChromeDriver safe.
ChromeDriver was started successfully.
Jul 12, 2023 12:21:23 PM org.openqa.selenium.devtools.CdpVersionFinder findNearestMatch
WARNING: Unable to find an exact match for CDP version 114, so returning the closest version found: 113
]]></system-err>
  </testcase>
  <testcase name="runScenario[&quot;User should register with all fields&quot;, &quot;Register Functionality&quot;](9)" classname="runner.TestRunner" time="13.108">
    <system-out><![CDATA[
Scenario: User should register with all fields                   &amp#27;[90m# src/test/resources/features/Register.feature:17&amp#27;[0m
  &amp#27;[32mGiven &amp#27;[0m&amp#27;[32mUser is navigated to the Regsitration page&amp#27;[0m               &amp#27;[90m# stepdefinitions.Register.user_is_navigated_to_the_regsitration_page()&amp#27;[0m
  &amp#27;[32mWhen &amp#27;[0m&amp#27;[32mUser enters the details below in the filed&amp#27;[0m                &amp#27;[90m# stepdefinitions.Register.user_enters_the_details_below_in_the_filed(io.cucumber.datatable.DataTable)&amp#27;[0m
    | firstname | Admin      |
    | lastname  | ManagerA   |
    | phone     | 1234567890 |
    | password  | 54321      |
  &amp#27;[32mAnd &amp#27;[0m&amp#27;[32mUser should select Yes for Newsletter subscription&amp#27;[0m         &amp#27;[90m# stepdefinitions.Register.user_should_select_yes_for_newsletter_subscription()&amp#27;[0m
  &amp#27;[32mAnd &amp#27;[0m&amp#27;[32mUser should click on Terms and Conditions check-box option&amp#27;[0m &amp#27;[90m# stepdefinitions.Register.user_should_click_on_terms_and_conditions_check_box_option()&amp#27;[0m
  &amp#27;[32mAnd &amp#27;[0m&amp#27;[32mUser should click on Continue button&amp#27;[0m                       &amp#27;[90m# stepdefinitions.Register.user_should_click_on_continue_button()&amp#27;[0m
  &amp#27;[32mThen &amp#27;[0m&amp#27;[32mUser should be successfully registered in the account&amp#27;[0m     &amp#27;[90m# stepdefinitions.Register.user_should_be_successfully_registered_in_the_account()&amp#27;[0m
]]></system-out>
    <system-err><![CDATA[Jul 12, 2023 12:21:35 PM org.openqa.selenium.manager.SeleniumManager getDriverPath
INFO: Applicable driver not found; attempting to install with Selenium Manager (Beta)
Starting ChromeDriver 114.0.5735.90 (386bc09e8f4f2e025eddae123f36f6263096ae49-refs/branch-heads/5735@{#1052}) on port 8860
Only local connections are allowed.
Please see https://chromedriver.chromium.org/security-considerations for suggestions on keeping ChromeDriver safe.
ChromeDriver was started successfully.
Jul 12, 2023 12:21:36 PM org.openqa.selenium.devtools.CdpVersionFinder findNearestMatch
WARNING: Unable to find an exact match for CDP version 114, so returning the closest version found: 113
]]></system-err>
  </testcase>
  <testcase name="runScenario[&quot;User should regsiter without providing mandatory fields&quot;, &quot;Register Functionality&quot;](10)" classname="runner.TestRunner" time="11">
    <system-out><![CDATA[
Scenario: User should regsiter without providing mandatory fields &amp#27;[90m# src/test/resources/features/Register.feature:31&amp#27;[0m
  &amp#27;[32mGiven &amp#27;[0m&amp#27;[32mUser is navigated to the Regsitration page&amp#27;[0m                &amp#27;[90m# stepdefinitions.Register.user_is_navigated_to_the_regsitration_page()&amp#27;[0m
  &amp#27;[32mWhen &amp#27;[0m&amp#27;[32mUser do not enters any details&amp#27;[0m                             &amp#27;[90m# stepdefinitions.Register.user_do_not_enters_any_details()&amp#27;[0m
  &amp#27;[32mAnd &amp#27;[0m&amp#27;[32mUser should click on Continue button&amp#27;[0m                        &amp#27;[90m# stepdefinitions.Register.user_should_click_on_continue_button()&amp#27;[0m
  &amp#27;[32mThen &amp#27;[0m&amp#27;[32mUser should be displayed with Warning messages&amp#27;[0m             &amp#27;[90m# stepdefinitions.Register.user_should_be_displayed_with_warning_messages()&amp#27;[0m
]]></system-out>
    <system-err><![CDATA[Jul 12, 2023 12:21:49 PM org.openqa.selenium.manager.SeleniumManager getDriverPath
INFO: Applicable driver not found; attempting to install with Selenium Manager (Beta)
Starting ChromeDriver 114.0.5735.90 (386bc09e8f4f2e025eddae123f36f6263096ae49-refs/branch-heads/5735@{#1052}) on port 45813
Only local connections are allowed.
Please see https://chromedriver.chromium.org/security-considerations for suggestions on keeping ChromeDriver safe.
ChromeDriver was started successfully.
Jul 12, 2023 12:21:50 PM org.openqa.selenium.devtools.CdpVersionFinder findNearestMatch
WARNING: Unable to find an exact match for CDP version 114, so returning the closest version found: 113
]]></system-err>
  </testcase>
  <testcase name="runScenario[&quot;User should register with existing email address&quot;, &quot;Register Functionality&quot;](11)" classname="runner.TestRunner" time="14.499">
    <system-out><![CDATA[
Scenario: User should register with existing email address                              &amp#27;[90m# src/test/resources/features/Register.feature:39&amp#27;[0m
  &amp#27;[32mGiven &amp#27;[0m&amp#27;[32mUser is navigated to the Regsitration page&amp#27;[0m                                      &amp#27;[90m# stepdefinitions.Register.user_is_navigated_to_the_regsitration_page()&amp#27;[0m
  &amp#27;[32mWhen &amp#27;[0m&amp#27;[32mUser enters the details below in the filed with duplicate email&amp#27;[0m                  &amp#27;[90m# stepdefinitions.Register.user_enters_the_details_below_in_the_filed_with_duplicate_email(io.cucumber.datatable.DataTable)&amp#27;[0m
    | firstname | Admin               |
    | lastname  | Manager21           |
    | email     | admin@123.gmail.com |
    | phone     | 123456              |
    | password  | 12345               |
  &amp#27;[32mAnd &amp#27;[0m&amp#27;[32mUser should select Yes for Newsletter subscription&amp#27;[0m                                &amp#27;[90m# stepdefinitions.Register.user_should_select_yes_for_newsletter_subscription()&amp#27;[0m
  &amp#27;[32mAnd &amp#27;[0m&amp#27;[32mUser should click on Terms and Conditions check-box option&amp#27;[0m                        &amp#27;[90m# stepdefinitions.Register.user_should_click_on_terms_and_conditions_check_box_option()&amp#27;[0m
  &amp#27;[32mAnd &amp#27;[0m&amp#27;[32mUser should click on Continue button&amp#27;[0m                                              &amp#27;[90m# stepdefinitions.Register.user_should_click_on_continue_button()&amp#27;[0m
  &amp#27;[32mThen &amp#27;[0m&amp#27;[32mUser should be displayed with warning message saying email is already registered&amp#27;[0m &amp#27;[90m# stepdefinitions.Register.user_should_be_displayed_with_warning_message_saying_email_is_already_registered()&amp#27;[0m
]]></system-out>
    <system-err><![CDATA[Jul 12, 2023 12:22:00 PM org.openqa.selenium.manager.SeleniumManager getDriverPath
INFO: Applicable driver not found; attempting to install with Selenium Manager (Beta)
Starting ChromeDriver 114.0.5735.90 (386bc09e8f4f2e025eddae123f36f6263096ae49-refs/branch-heads/5735@{#1052}) on port 29308
Only local connections are allowed.
Please see https://chromedriver.chromium.org/security-considerations for suggestions on keeping ChromeDriver safe.
ChromeDriver was started successfully.
Jul 12, 2023 12:22:01 PM org.openqa.selenium.devtools.CdpVersionFinder findNearestMatch
WARNING: Unable to find an exact match for CDP version 114, so returning the closest version found: 113
]]></system-err>
  </testcase>
  <testcase name="runScenario[&quot;User should be able to search for products in search text field&quot;, &quot;Search Functionality&quot;](12)" classname="runner.TestRunner" time="3.934">
    <system-out><![CDATA[
Scenario: User should be able to search for products in search text field &amp#27;[90m# src/test/resources/features/Search.feature:3&amp#27;[0m
  &amp#27;[32mGiven &amp#27;[0m&amp#27;[32mUser opens the application&amp#27;[0m                                        &amp#27;[90m# stepdefinitions.Search.user_opens_the_application()&amp#27;[0m
  &amp#27;[32mWhen &amp#27;[0m&amp#27;[32mUser enters valid product &amp#27;[0m&amp#27;[32m&amp#27;[1m"HP"&amp#27;[0m&amp#27;[32m in search text field&amp#27;[0m                &amp#27;[90m# stepdefinitions.Search.user_enters_valid_product_in_search_text_field(java.lang.String)&amp#27;[0m
  &amp#27;[32mAnd &amp#27;[0m&amp#27;[32mUser clicks on search button&amp#27;[0m                                        &amp#27;[90m# stepdefinitions.Search.user_clicks_on_search_button()&amp#27;[0m
  &amp#27;[32mThen &amp#27;[0m&amp#27;[32mUser should be seeing valid product in search results&amp#27;[0m              &amp#27;[90m# stepdefinitions.Search.user_should_be_seeing_valid_product_in_search_results()&amp#27;[0m
]]></system-out>
    <system-err><![CDATA[Jul 12, 2023 12:22:14 PM org.openqa.selenium.manager.SeleniumManager getDriverPath
INFO: Applicable driver not found; attempting to install with Selenium Manager (Beta)
Starting ChromeDriver 114.0.5735.90 (386bc09e8f4f2e025eddae123f36f6263096ae49-refs/branch-heads/5735@{#1052}) on port 37557
Only local connections are allowed.
Please see https://chromedriver.chromium.org/security-considerations for suggestions on keeping ChromeDriver safe.
ChromeDriver was started successfully.
Jul 12, 2023 12:22:15 PM org.openqa.selenium.devtools.CdpVersionFinder findNearestMatch
WARNING: Unable to find an exact match for CDP version 114, so returning the closest version found: 113
]]></system-err>
  </testcase>
  <testcase name="runScenario[&quot;User should searches for an invalid products in search text field&quot;, &quot;Search Functionality&quot;](13)" classname="runner.TestRunner" time="4.021">
    <system-out><![CDATA[
Scenario: User should searches for an invalid products in search text field     &amp#27;[90m# src/test/resources/features/Search.feature:11&amp#27;[0m
  &amp#27;[32mGiven &amp#27;[0m&amp#27;[32mUser opens the application&amp#27;[0m                                              &amp#27;[90m# stepdefinitions.Search.user_opens_the_application()&amp#27;[0m
  &amp#27;[32mWhen &amp#27;[0m&amp#27;[32mUser enters invalid product &amp#27;[0m&amp#27;[32m&amp#27;[1m"Honda"&amp#27;[0m&amp#27;[32m in search text field&amp#27;[0m                 &amp#27;[90m# stepdefinitions.Search.user_enters_invalid_product_in_search_text_field(java.lang.String)&amp#27;[0m
  &amp#27;[32mAnd &amp#27;[0m&amp#27;[32mUser clicks on search button&amp#27;[0m                                              &amp#27;[90m# stepdefinitions.Search.user_clicks_on_search_button()&amp#27;[0m
  &amp#27;[32mThen &amp#27;[0m&amp#27;[32mUser should be displayed with warning text saying the no product matches&amp#27;[0m &amp#27;[90m# stepdefinitions.Search.user_should_be_displayed_with_warning_text_saying_the_no_product_matches()&amp#27;[0m
]]></system-out>
    <system-err><![CDATA[Jul 12, 2023 12:22:18 PM org.openqa.selenium.manager.SeleniumManager getDriverPath
INFO: Applicable driver not found; attempting to install with Selenium Manager (Beta)
Starting ChromeDriver 114.0.5735.90 (386bc09e8f4f2e025eddae123f36f6263096ae49-refs/branch-heads/5735@{#1052}) on port 36071
Only local connections are allowed.
Please see https://chromedriver.chromium.org/security-considerations for suggestions on keeping ChromeDriver safe.
ChromeDriver was started successfully.
Jul 12, 2023 12:22:19 PM org.openqa.selenium.devtools.CdpVersionFinder findNearestMatch
WARNING: Unable to find an exact match for CDP version 114, so returning the closest version found: 113
]]></system-err>
  </testcase>
  <testcase name="runScenario[&quot;User should search for product without entering any products in search text filed&quot;, &quot;Search Functionality&quot;](14)" classname="runner.TestRunner" time="5.032">
    <system-out><![CDATA[
Scenario: User should search for product without entering any products in search text filed &amp#27;[90m# src/test/resources/features/Search.feature:19&amp#27;[0m
  &amp#27;[32mGiven &amp#27;[0m&amp#27;[32mUser opens the application&amp#27;[0m                                                          &amp#27;[90m# stepdefinitions.Search.user_opens_the_application()&amp#27;[0m
  &amp#27;[32mWhen &amp#27;[0m&amp#27;[32mUser do not enter the product in search text field&amp#27;[0m                                   &amp#27;[90m# stepdefinitions.Search.user_do_not_enter_the_product_in_search_text_field()&amp#27;[0m
  &amp#27;[32mAnd &amp#27;[0m&amp#27;[32mUser clicks on search button&amp#27;[0m                                                          &amp#27;[90m# stepdefinitions.Search.user_clicks_on_search_button()&amp#27;[0m
  &amp#27;[32mThen &amp#27;[0m&amp#27;[32mUser should be displayed with warning text saying the no product matches&amp#27;[0m             &amp#27;[90m# stepdefinitions.Search.user_should_be_displayed_with_warning_text_saying_the_no_product_matches()&amp#27;[0m
]]></system-out>
    <system-err><![CDATA[Jul 12, 2023 12:22:22 PM org.openqa.selenium.manager.SeleniumManager getDriverPath
INFO: Applicable driver not found; attempting to install with Selenium Manager (Beta)
Starting ChromeDriver 114.0.5735.90 (386bc09e8f4f2e025eddae123f36f6263096ae49-refs/branch-heads/5735@{#1052}) on port 19558
Only local connections are allowed.
Please see https://chromedriver.chromium.org/security-considerations for suggestions on keeping ChromeDriver safe.
ChromeDriver was started successfully.
Jul 12, 2023 12:22:23 PM org.openqa.selenium.devtools.CdpVersionFinder findNearestMatch
WARNING: Unable to find an exact match for CDP version 114, so returning the closest version found: 113
]]></system-err>
  </testcase>
</testsuite>