<?xml version="1.0" encoding="UTF-8"?>
<!-- Generated by org.testng.reporters.JUnitReportReporter -->
<testsuite hostname="MONO-HYD-LAP15" failures="0" tests="14" name="runner.TestRunner" time="134.365" errors="0" timestamp="2023-07-12T12:22:27 IST" skipped="0">
  <testcase classname="runner.TestRunner" name="runScenario" time="9.756"/>
  <system-out/>
  <testcase classname="runner.TestRunner" name="runScenario" time="3.933"/>
  <system-out/>
  <testcase classname="runner.TestRunner" name="runScenario" time="9.715"/>
  <system-out/>
  <testcase classname="runner.TestRunner" name="runScenario" time="13.511"/>
  <system-out/>
  <testcase classname="runner.TestRunner" name="runScenario" time="9.507"/>
  <system-out/>
  <testcase classname="runner.TestRunner" name="runScenario" time="11.278"/>
  <system-out/>
  <testcase classname="runner.TestRunner" name="runScenario" time="4.021"/>
  <system-out/>
  <testcase classname="runner.TestRunner" name="runScenario" time="13.107"/>
  <system-out/>
  <testcase classname="runner.TestRunner" name="runScenario" time="5.033"/>
  <system-out/>
  <testcase classname="runner.TestRunner" name="runScenario" time="14.501"/>
  <system-out/>
  <testcase classname="runner.TestRunner" name="runScenario" time="9.862"/>
  <system-out/>
  <testcase classname="runner.TestRunner" name="runScenario" time="9.662"/>
  <system-out/>
  <testcase classname="runner.TestRunner" name="runScenario" time="9.479"/>
  <system-out/>
  <testcase classname="runner.TestRunner" name="runScenario" time="11.000"/>
  <system-out/>
</testsuite> <!-- runner.TestRunner -->
